  clsDeleteClientScreen.cpp
D:\programming course\Nour\Nour vs\oop Bank system\oop Bank system\clsString.h(40,25): warning C4267: 'return': conversion from 'size_t' to 'short', possible loss of data
  (compiling source file 'clsDeleteClientScreen.cpp')
  
D:\programming course\Nour\Nour vs\oop Bank system\oop Bank system\clsString.h(45,29): warning C4267: 'return': conversion from 'size_t' to 'short', possible loss of data
  (compiling source file 'clsDeleteClientScreen.cpp')
  
D:\programming course\Nour\Nour vs\oop Bank system\oop Bank system\clsString.h(57,30): warning C4267: '=': conversion from 'size_t' to 'short', possible loss of data
  (compiling source file 'clsDeleteClientScreen.cpp')
  
D:\programming course\Nour\Nour vs\oop Bank system\oop Bank system\clsString.h(194,29): warning C4267: 'return': conversion from 'size_t' to 'short', possible loss of data
  (compiling source file 'clsDeleteClientScreen.cpp')
  
D:\programming course\Nour\Nour vs\oop Bank system\oop Bank system\clsString.h(323,30): warning C4267: '=': conversion from 'size_t' to 'short', possible loss of data
  (compiling source file 'clsDeleteClientScreen.cpp')
  
D:\programming course\Nour\Nour vs\oop Bank system\oop Bank system\clsString.h(371,22): warning C4267: 'initializing': conversion from 'size_t' to 'short', possible loss of data
  (compiling source file 'clsDeleteClientScreen.cpp')
  
D:\programming course\Nour\Nour vs\oop Bank system\oop Bank system\clsUtil.h(64,5): warning C4102: 'defualt': unreferenced label
  (compiling source file 'clsDeleteClientScreen.cpp')
  
D:\programming course\Nour\Nour vs\oop Bank system\oop Bank system\clsUser.h(190,12): warning C4240: nonstandard extension used: access to 'clsUser::stLoginRegisterRecord' now defined to be 'public', previously it was defined to be 'private'
  (compiling source file 'clsDeleteClientScreen.cpp')
  D:\programming course\Nour\Nour vs\oop Bank system\oop Bank system\clsUser.h(24,12):
  see declaration of 'clsUser::stLoginRegisterRecord'
  
D:\programming course\Nour\Nour vs\oop Bank system\oop Bank system\clsBankClient.h(207,12): warning C4240: nonstandard extension used: access to 'clsBankClient::stTrnsferLogRecord' now defined to be 'public', previously it was defined to be 'private'
  (compiling source file 'clsDeleteClientScreen.cpp')
  D:\programming course\Nour\Nour vs\oop Bank system\oop Bank system\clsBankClient.h(152,12):
  see declaration of 'clsBankClient::stTrnsferLogRecord'
  
D:\programming course\Nour\Nour vs\oop Bank system\oop Bank system\clsBankClient.h(29,65): warning C4244: 'argument': conversion from 'double' to 'float', possible loss of data
  (compiling source file 'clsDeleteClientScreen.cpp')
  
D:\programming course\Nour\Nour vs\oop Bank system\oop Bank system\clsBankClient.h(164,43): warning C4244: '=': conversion from 'double' to 'float', possible loss of data
  (compiling source file 'clsDeleteClientScreen.cpp')
  
D:\programming course\Nour\Nour vs\oop Bank system\oop Bank system\clsBankClient.h(165,52): warning C4244: '=': conversion from 'double' to 'float', possible loss of data
  (compiling source file 'clsDeleteClientScreen.cpp')
  
D:\programming course\Nour\Nour vs\oop Bank system\oop Bank system\clsBankClient.h(166,53): warning C4244: '=': conversion from 'double' to 'float', possible loss of data
  (compiling source file 'clsDeleteClientScreen.cpp')
  
D:\programming course\Nour\Nour vs\oop Bank system\oop Bank system\clsBankClient.h(437,28): warning C4244: '+=': conversion from 'double' to 'float', possible loss of data
  (compiling source file 'clsDeleteClientScreen.cpp')
  
D:\programming course\Nour\Nour vs\oop Bank system\oop Bank system\clsBankClient.h(481,32): warning C4244: '-=': conversion from 'double' to 'float', possible loss of data
  (compiling source file 'clsDeleteClientScreen.cpp')
  
D:\programming course\Nour\Nour vs\oop Bank system\oop Bank system\clsInputValidate.h(115,16): warning C4244: 'initializing': conversion from 'double' to 'float', possible loss of data
  (compiling source file 'clsDeleteClientScreen.cpp')
  
D:\programming course\Nour\Nour vs\oop Bank system\oop Bank system\clsInputValidate.h(119,26): warning C4244: '=': conversion from 'double' to 'float', possible loss of data
  (compiling source file 'clsDeleteClientScreen.cpp')
  
  clsFindCurrencyScreen.cpp
D:\programming course\Nour\Nour vs\oop Bank system\oop Bank system\clsString.h(40,25): warning C4267: 'return': conversion from 'size_t' to 'short', possible loss of data
  (compiling source file 'clsFindCurrencyScreen.cpp')
  
D:\programming course\Nour\Nour vs\oop Bank system\oop Bank system\clsString.h(45,29): warning C4267: 'return': conversion from 'size_t' to 'short', possible loss of data
  (compiling source file 'clsFindCurrencyScreen.cpp')
  
D:\programming course\Nour\Nour vs\oop Bank system\oop Bank system\clsString.h(57,30): warning C4267: '=': conversion from 'size_t' to 'short', possible loss of data
  (compiling source file 'clsFindCurrencyScreen.cpp')
  
D:\programming course\Nour\Nour vs\oop Bank system\oop Bank system\clsString.h(194,29): warning C4267: 'return': conversion from 'size_t' to 'short', possible loss of data
  (compiling source file 'clsFindCurrencyScreen.cpp')
  
D:\programming course\Nour\Nour vs\oop Bank system\oop Bank system\clsString.h(323,30): warning C4267: '=': conversion from 'size_t' to 'short', possible loss of data
  (compiling source file 'clsFindCurrencyScreen.cpp')
  
D:\programming course\Nour\Nour vs\oop Bank system\oop Bank system\clsString.h(371,22): warning C4267: 'initializing': conversion from 'size_t' to 'short', possible loss of data
  (compiling source file 'clsFindCurrencyScreen.cpp')
  
D:\programming course\Nour\Nour vs\oop Bank system\oop Bank system\clsUtil.h(64,5): warning C4102: 'defualt': unreferenced label
  (compiling source file 'clsFindCurrencyScreen.cpp')
  
D:\programming course\Nour\Nour vs\oop Bank system\oop Bank system\clsUser.h(190,12): warning C4240: nonstandard extension used: access to 'clsUser::stLoginRegisterRecord' now defined to be 'public', previously it was defined to be 'private'
  (compiling source file 'clsFindCurrencyScreen.cpp')
  D:\programming course\Nour\Nour vs\oop Bank system\oop Bank system\clsUser.h(24,12):
  see declaration of 'clsUser::stLoginRegisterRecord'
  
D:\programming course\Nour\Nour vs\oop Bank system\oop Bank system\clsCurrency.h(21,99): warning C4244: 'argument': conversion from 'double' to 'float', possible loss of data
  (compiling source file 'clsFindCurrencyScreen.cpp')
  
D:\programming course\Nour\Nour vs\oop Bank system\oop Bank system\clsInputValidate.h(115,16): warning C4244: 'initializing': conversion from 'double' to 'float', possible loss of data
  (compiling source file 'clsFindCurrencyScreen.cpp')
  
D:\programming course\Nour\Nour vs\oop Bank system\oop Bank system\clsInputValidate.h(119,26): warning C4244: '=': conversion from 'double' to 'float', possible loss of data
  (compiling source file 'clsFindCurrencyScreen.cpp')
  
D:\programming course\Nour\Nour vs\oop Bank system\oop Bank system\clsFindCurrencyScreen.h(13,17): warning C4129: 'C': unrecognized character escape sequence
  (compiling source file 'clsFindCurrencyScreen.cpp')
  
  clsScreen.cpp
D:\programming course\Nour\Nour vs\oop Bank system\oop Bank system\clsString.h(40,25): warning C4267: 'return': conversion from 'size_t' to 'short', possible loss of data
  (compiling source file 'clsScreen.cpp')
  
D:\programming course\Nour\Nour vs\oop Bank system\oop Bank system\clsString.h(45,29): warning C4267: 'return': conversion from 'size_t' to 'short', possible loss of data
  (compiling source file 'clsScreen.cpp')
  
D:\programming course\Nour\Nour vs\oop Bank system\oop Bank system\clsString.h(57,30): warning C4267: '=': conversion from 'size_t' to 'short', possible loss of data
  (compiling source file 'clsScreen.cpp')
  
D:\programming course\Nour\Nour vs\oop Bank system\oop Bank system\clsString.h(194,29): warning C4267: 'return': conversion from 'size_t' to 'short', possible loss of data
  (compiling source file 'clsScreen.cpp')
  
D:\programming course\Nour\Nour vs\oop Bank system\oop Bank system\clsString.h(323,30): warning C4267: '=': conversion from 'size_t' to 'short', possible loss of data
  (compiling source file 'clsScreen.cpp')
  
D:\programming course\Nour\Nour vs\oop Bank system\oop Bank system\clsString.h(371,22): warning C4267: 'initializing': conversion from 'size_t' to 'short', possible loss of data
  (compiling source file 'clsScreen.cpp')
  
D:\programming course\Nour\Nour vs\oop Bank system\oop Bank system\clsUtil.h(64,5): warning C4102: 'defualt': unreferenced label
  (compiling source file 'clsScreen.cpp')
  
D:\programming course\Nour\Nour vs\oop Bank system\oop Bank system\clsUser.h(190,12): warning C4240: nonstandard extension used: access to 'clsUser::stLoginRegisterRecord' now defined to be 'public', previously it was defined to be 'private'
  (compiling source file 'clsScreen.cpp')
  D:\programming course\Nour\Nour vs\oop Bank system\oop Bank system\clsUser.h(24,12):
  see declaration of 'clsUser::stLoginRegisterRecord'
  
  oop Bank system.cpp
D:\programming course\Nour\Nour vs\oop Bank system\oop Bank system\clsString.h(40,25): warning C4267: 'return': conversion from 'size_t' to 'short', possible loss of data
  (compiling source file 'oop%20Bank%20system.cpp')
  
D:\programming course\Nour\Nour vs\oop Bank system\oop Bank system\clsString.h(45,29): warning C4267: 'return': conversion from 'size_t' to 'short', possible loss of data
  (compiling source file 'oop%20Bank%20system.cpp')
  
D:\programming course\Nour\Nour vs\oop Bank system\oop Bank system\clsString.h(57,30): warning C4267: '=': conversion from 'size_t' to 'short', possible loss of data
  (compiling source file 'oop%20Bank%20system.cpp')
  
D:\programming course\Nour\Nour vs\oop Bank system\oop Bank system\clsString.h(194,29): warning C4267: 'return': conversion from 'size_t' to 'short', possible loss of data
  (compiling source file 'oop%20Bank%20system.cpp')
  
D:\programming course\Nour\Nour vs\oop Bank system\oop Bank system\clsString.h(323,30): warning C4267: '=': conversion from 'size_t' to 'short', possible loss of data
  (compiling source file 'oop%20Bank%20system.cpp')
  
D:\programming course\Nour\Nour vs\oop Bank system\oop Bank system\clsString.h(371,22): warning C4267: 'initializing': conversion from 'size_t' to 'short', possible loss of data
  (compiling source file 'oop%20Bank%20system.cpp')
  
D:\programming course\Nour\Nour vs\oop Bank system\oop Bank system\clsUtil.h(64,5): warning C4102: 'defualt': unreferenced label
  (compiling source file 'oop%20Bank%20system.cpp')
  
D:\programming course\Nour\Nour vs\oop Bank system\oop Bank system\clsUser.h(190,12): warning C4240: nonstandard extension used: access to 'clsUser::stLoginRegisterRecord' now defined to be 'public', previously it was defined to be 'private'
  (compiling source file 'oop%20Bank%20system.cpp')
  D:\programming course\Nour\Nour vs\oop Bank system\oop Bank system\clsUser.h(24,12):
  see declaration of 'clsUser::stLoginRegisterRecord'
  
D:\programming course\Nour\Nour vs\oop Bank system\oop Bank system\clsInputValidate.h(115,16): warning C4244: 'initializing': conversion from 'double' to 'float', possible loss of data
  (compiling source file 'oop%20Bank%20system.cpp')
  
D:\programming course\Nour\Nour vs\oop Bank system\oop Bank system\clsInputValidate.h(119,26): warning C4244: '=': conversion from 'double' to 'float', possible loss of data
  (compiling source file 'oop%20Bank%20system.cpp')
  
D:\programming course\Nour\Nour vs\oop Bank system\oop Bank system\clsBankClient.h(207,12): warning C4240: nonstandard extension used: access to 'clsBankClient::stTrnsferLogRecord' now defined to be 'public', previously it was defined to be 'private'
  (compiling source file 'oop%20Bank%20system.cpp')
  D:\programming course\Nour\Nour vs\oop Bank system\oop Bank system\clsBankClient.h(152,12):
  see declaration of 'clsBankClient::stTrnsferLogRecord'
  
D:\programming course\Nour\Nour vs\oop Bank system\oop Bank system\clsBankClient.h(29,65): warning C4244: 'argument': conversion from 'double' to 'float', possible loss of data
  (compiling source file 'oop%20Bank%20system.cpp')
  
D:\programming course\Nour\Nour vs\oop Bank system\oop Bank system\clsBankClient.h(164,43): warning C4244: '=': conversion from 'double' to 'float', possible loss of data
  (compiling source file 'oop%20Bank%20system.cpp')
  
D:\programming course\Nour\Nour vs\oop Bank system\oop Bank system\clsBankClient.h(165,52): warning C4244: '=': conversion from 'double' to 'float', possible loss of data
  (compiling source file 'oop%20Bank%20system.cpp')
  
D:\programming course\Nour\Nour vs\oop Bank system\oop Bank system\clsBankClient.h(166,53): warning C4244: '=': conversion from 'double' to 'float', possible loss of data
  (compiling source file 'oop%20Bank%20system.cpp')
  
D:\programming course\Nour\Nour vs\oop Bank system\oop Bank system\clsBankClient.h(437,28): warning C4244: '+=': conversion from 'double' to 'float', possible loss of data
  (compiling source file 'oop%20Bank%20system.cpp')
  
D:\programming course\Nour\Nour vs\oop Bank system\oop Bank system\clsBankClient.h(481,32): warning C4244: '-=': conversion from 'double' to 'float', possible loss of data
  (compiling source file 'oop%20Bank%20system.cpp')
  
D:\programming course\Nour\Nour vs\oop Bank system\oop Bank system\clsAddNewClientScreen.h(30,66): warning C4244: 'argument': conversion from 'double' to 'float', possible loss of data
  (compiling source file 'oop%20Bank%20system.cpp')
  
D:\programming course\Nour\Nour vs\oop Bank system\oop Bank system\clsUpdateClientScreen.h(47,66): warning C4244: 'argument': conversion from 'double' to 'float', possible loss of data
  (compiling source file 'oop%20Bank%20system.cpp')
  
D:\programming course\Nour\Nour vs\oop Bank system\oop Bank system\clsTotalBalancesScreen.h(57,82): warning C4244: 'argument': conversion from 'double' to 'int', possible loss of data
  (compiling source file 'oop%20Bank%20system.cpp')
  
D:\programming course\Nour\Nour vs\oop Bank system\oop Bank system\clsTransferScreen.h(42,51): warning C4244: '=': conversion from 'double' to 'float', possible loss of data
  (compiling source file 'oop%20Bank%20system.cpp')
  
D:\programming course\Nour\Nour vs\oop Bank system\oop Bank system\clsTransferScreen.h(47,53): warning C4244: '=': conversion from 'double' to 'float', possible loss of data
  (compiling source file 'oop%20Bank%20system.cpp')
  
D:\programming course\Nour\Nour vs\oop Bank system\oop Bank system\clsTransferLogScreen.h(36,24): warning C4129: 'T': unrecognized character escape sequence
  (compiling source file 'oop%20Bank%20system.cpp')
  
D:\programming course\Nour\Nour vs\oop Bank system\oop Bank system\clsCurrency.h(21,99): warning C4244: 'argument': conversion from 'double' to 'float', possible loss of data
  (compiling source file 'oop%20Bank%20system.cpp')
  
D:\programming course\Nour\Nour vs\oop Bank system\oop Bank system\clsFindCurrencyScreen.h(13,17): warning C4129: 'C': unrecognized character escape sequence
  (compiling source file 'oop%20Bank%20system.cpp')
  
D:\programming course\Nour\Nour vs\oop Bank system\oop Bank system\clsUpdateCurrencyRateScreen.h(11,17): warning C4129: 'C': unrecognized character escape sequence
  (compiling source file 'oop%20Bank%20system.cpp')
  
D:\programming course\Nour\Nour vs\oop Bank system\oop Bank system\clsUpdateCurrencyRateScreen.h(25,52): warning C4244: '=': conversion from 'double' to 'float', possible loss of data
  (compiling source file 'oop%20Bank%20system.cpp')
  
D:\programming course\Nour\Nour vs\oop Bank system\oop Bank system\clsUpdateCurrencyRateScreen.h(54,19): warning C4101: 'Rate': unreferenced local variable
  (compiling source file 'oop%20Bank%20system.cpp')
  
D:\programming course\Nour\Nour vs\oop Bank system\oop Bank system\clsCurrencyCalculatorScreen.h(27,51): warning C4244: '=': conversion from 'double' to 'float', possible loss of data
  (compiling source file 'oop%20Bank%20system.cpp')
  
D:\programming course\Nour\Nour vs\oop Bank system\oop Bank system\clsCurrencyExchangeScreen.h(106,31): warning C4129: 'C': unrecognized character escape sequence
  (compiling source file 'oop%20Bank%20system.cpp')
  
D:\programming course\Nour\Nour vs\oop Bank system\oop Bank system\clsCurrencyExchangeScreen.h(19,22): warning C4244: 'initializing': conversion from 'double' to 'short', possible loss of data
  (compiling source file 'oop%20Bank%20system.cpp')
  
  Generating Code...
D:\programming course\Nour\Nour vs\oop Bank system\oop Bank system\clsBankClient.h(376,1): warning C4715: 'clsBankClient::Save': not all control paths return a value
D:\programming course\Nour\Nour vs\oop Bank system\oop Bank system\clsUser.h(348,1): warning C4715: 'clsUser::Save': not all control paths return a value
  oop Bank system.vcxproj -> D:\programming course\Nour\Nour vs\oop Bank system\x64\Debug\oop Bank system.exe
